<?xml version="1.0" encoding="UTF-8"?>
<!-- Generated by org.testng.reporters.JUnitReportReporter -->
<testsuite skipped="0" hostname="DNID0694L01" name="com.g2academy.CalculatorTest" tests="4" failures="0" timestamp="07 May 2020 08:38:07 GMT" time="0.004" errors="0">
  <testcase name="testAdd" time="0.003" classname="com.g2academy.CalculatorTest"/>
  <testcase name="testSubtract" time="0.000" classname="com.g2academy.CalculatorTest"/>
  <testcase name="testMultiply" time="0.001" classname="com.g2academy.CalculatorTest"/>
  <testcase name="testDivide" time="0.000" classname="com.g2academy.CalculatorTest"/>
</testsuite> <!-- com.g2academy.CalculatorTest -->
